<?xml version="1.0" encoding="UTF-8"?>
<!-- Generated by org.testng.reporters.JUnitReportReporter -->
<testsuite hostname="MURALIMAHA" failures="0" tests="1" name="myselenium1.NewTest2" time="0.019" errors="0" timestamp="2024-09-18T00:30:11 IST" skipped="0">
  <testcase classname="myselenium1.NewTest2" name="verifyPageTitle" time="0.019"/>
  <system-out/>
</testsuite> <!-- myselenium1.NewTest2 -->
