<?xml version="1.0" encoding="UTF-8"?>
<!-- Generated by org.testng.reporters.JUnitReportReporter -->
<testsuite hostname="MURALIMAHA" failures="0" tests="4" name="testsuite.SmokeTest1" time="0.427" errors="0" timestamp="2024-10-02T08:58:58 IST" skipped="0">
  <testcase classname="testsuite.SmokeTest1" name="smokeTest" time="0.011"/>
  <system-out/>
  <testcase classname="testsuite.SmokeTest1" name="verifyTest" time="0.220"/>
  <system-out/>
  <testcase classname="testsuite.SmokeTest1" name="passwordTest" time="0.079"/>
  <system-out/>
  <testcase classname="testsuite.SmokeTest1" name="loginTest" time="0.117"/>
  <system-out/>
</testsuite> <!-- testsuite.SmokeTest1 -->
