<?xml version="1.0" encoding="UTF-8"?>
<!-- Generated by org.testng.reporters.JUnitReportReporter -->
<testsuite hostname="MURALIMAHA" failures="0" tests="4" name="testsuite.PriorityTest" time="1.979" errors="0" timestamp="2024-10-02T10:43:17 IST" skipped="0">
  <testcase classname="testsuite.PriorityTest" name="getTitle" time="0.325"/>
  <system-out/>
  <testcase classname="testsuite.PriorityTest" name="userName" time="0.137"/>
  <system-out/>
  <testcase classname="testsuite.PriorityTest" name="passWord" time="0.095"/>
  <system-out/>
  <testcase classname="testsuite.PriorityTest" name="clickButton" time="1.422"/>
  <system-out/>
</testsuite> <!-- testsuite.PriorityTest -->
