<?xml version="1.0" encoding="UTF-8"?>
<!-- Generated by org.testng.reporters.JUnitReportReporter -->
<testsuite hostname="MURALIMAHA" failures="0" tests="1" name="testng1.accessxlsx" time="0.907" errors="0" timestamp="2024-09-21T15:32:42 IST" skipped="0">
  <testcase classname="testng1.accessxlsx" name="loginWithXlsx" time="0.907"/>
  <system-out/>
</testsuite> <!-- testng1.accessxlsx -->
