<?xml version="1.0" encoding="UTF-8"?>
<!-- Generated by org.testng.reporters.JUnitReportReporter -->
<testsuite hostname="MURALIMAHA" failures="0" tests="1" name="testng1.NewTest2" time="0.039" errors="0" timestamp="2024-09-18T17:54:08 IST" skipped="0">
  <testcase classname="testng1.NewTest2" name="verifyPageTitle" time="0.039"/>
  <system-out/>
</testsuite> <!-- testng1.NewTest2 -->
